This is XeTeX, Version 3.141592653-2.6-0.999995 (TeX Live 2023) (preloaded format=xelatex 2024.1.19)  28 DEC 2024 20:19
entering extended mode
 restricted \write18 enabled.
 file:line:error style messages enabled.
 %&-line parsing enabled.
**report
(./report.tex
LaTeX2e <2022-11-01> patch level 1
L3 programming layer <2023-02-22> (d:/Tex/texlive/2023/texmf-dist/tex/latex/base/article.cls
Document Class: article 2022/07/02 v1.4n Standard LaTeX document class
(d:/Tex/texlive/2023/texmf-dist/tex/latex/base/size12.clo
File: size12.clo 2022/07/02 v1.4n Standard LaTeX file (size option)
)
\c@part=\count181
\c@section=\count182
\c@subsection=\count183
\c@subsubsection=\count184
\c@paragraph=\count185
\c@subparagraph=\count186
\c@figure=\count187
\c@table=\count188
\abovecaptionskip=\skip48
\belowcaptionskip=\skip49
\bibindent=\dimen140
) (d:/Tex/texlive/2023/texmf-dist/tex/latex/amsmath/amsmath.sty
Package: amsmath 2022/04/08 v2.17n AMS math features
\@mathmargin=\skip50

For additional information on amsmath, use the `?' option.
(d:/Tex/texlive/2023/texmf-dist/tex/latex/amsmath/amstext.sty
Package: amstext 2021/08/26 v2.01 AMS text
 (d:/Tex/texlive/2023/texmf-dist/tex/latex/amsmath/amsgen.sty
File: amsgen.sty 1999/11/30 v2.0 generic functions
\@emptytoks=\toks16
\ex@=\dimen141
)) (d:/Tex/texlive/2023/texmf-dist/tex/latex/amsmath/amsbsy.sty
Package: amsbsy 1999/11/29 v1.2d Bold Symbols
\pmbraise@=\dimen142
) (d:/Tex/texlive/2023/texmf-dist/tex/latex/amsmath/amsopn.sty
Package: amsopn 2022/04/08 v2.04 operator names
)
\inf@bad=\count189
LaTeX Info: Redefining \frac on input line 234.
\uproot@=\count190
\leftroot@=\count191
LaTeX Info: Redefining \overline on input line 399.
LaTeX Info: Redefining \colon on input line 410.
\classnum@=\count192
\DOTSCASE@=\count193
LaTeX Info: Redefining \ldots on input line 496.
LaTeX Info: Redefining \dots on input line 499.
LaTeX Info: Redefining \cdots on input line 620.
\Mathstrutbox@=\box51
\strutbox@=\box52
LaTeX Info: Redefining \big on input line 722.
LaTeX Info: Redefining \Big on input line 723.
LaTeX Info: Redefining \bigg on input line 724.
LaTeX Info: Redefining \Bigg on input line 725.
\big@size=\dimen143
LaTeX Font Info:    Redeclaring font encoding OML on input line 743.
LaTeX Font Info:    Redeclaring font encoding OMS on input line 744.
\macc@depth=\count194
LaTeX Info: Redefining \bmod on input line 905.
LaTeX Info: Redefining \pmod on input line 910.
LaTeX Info: Redefining \smash on input line 940.
LaTeX Info: Redefining \relbar on input line 970.
LaTeX Info: Redefining \Relbar on input line 971.
\c@MaxMatrixCols=\count195
\dotsspace@=\muskip16
\c@parentequation=\count196
\dspbrk@lvl=\count197
\tag@help=\toks17
\row@=\count198
\column@=\count199
\maxfields@=\count266
\andhelp@=\toks18
\eqnshift@=\dimen144
\alignsep@=\dimen145
\tagshift@=\dimen146
\tagwidth@=\dimen147
\totwidth@=\dimen148
\lineht@=\dimen149
\@envbody=\toks19
\multlinegap=\skip51
\multlinetaggap=\skip52
\mathdisplay@stack=\toks20
LaTeX Info: Redefining \[ on input line 2953.
LaTeX Info: Redefining \] on input line 2954.
) (d:/Tex/texlive/2023/texmf-dist/tex/latex/amscls/amsthm.sty
Package: amsthm 2020/05/29 v2.20.6
\thm@style=\toks21
\thm@bodyfont=\toks22
\thm@headfont=\toks23
\thm@notefont=\toks24
\thm@headpunct=\toks25
\thm@preskip=\skip53
\thm@postskip=\skip54
\thm@headsep=\skip55
\dth@everypar=\toks26
) (d:/Tex/texlive/2023/texmf-dist/tex/latex/amsfonts/amssymb.sty
Package: amssymb 2013/01/14 v3.01 AMS font symbols
 (d:/Tex/texlive/2023/texmf-dist/tex/latex/amsfonts/amsfonts.sty
Package: amsfonts 2013/01/14 v3.01 Basic AMSFonts support
\symAMSa=\mathgroup4
\symAMSb=\mathgroup5
LaTeX Font Info:    Redeclaring math symbol \hbar on input line 98.
LaTeX Font Info:    Overwriting math alphabet `\mathfrak' in version `bold'
(Font)                  U/euf/m/n --> U/euf/b/n on input line 106.
)) (d:/Tex/texlive/2023/texmf-dist/tex/latex/graphics/graphicx.sty
Package: graphicx 2021/09/16 v1.2d Enhanced LaTeX Graphics (DPC,SPQR)
 (d:/Tex/texlive/2023/texmf-dist/tex/latex/graphics/keyval.sty
Package: keyval 2022/05/29 v1.15 key=value parser (DPC)
\KV@toks@=\toks27
) (d:/Tex/texlive/2023/texmf-dist/tex/latex/graphics/graphics.sty
Package: graphics 2022/03/10 v1.4e Standard LaTeX Graphics (DPC,SPQR)
 (d:/Tex/texlive/2023/texmf-dist/tex/latex/graphics/trig.sty
Package: trig 2021/08/11 v1.11 sin cos tan (DPC)
) (d:/Tex/texlive/2023/texmf-dist/tex/latex/graphics-cfg/graphics.cfg
File: graphics.cfg 2016/06/04 v1.11 sample graphics configuration
)
Package graphics Info: Driver file: xetex.def on input line 107.
 (d:/Tex/texlive/2023/texmf-dist/tex/latex/graphics-def/xetex.def
File: xetex.def 2022/09/22 v5.0n Graphics/color driver for xetex
))
\Gin@req@height=\dimen150
\Gin@req@width=\dimen151
) (d:/Tex/texlive/2023/texmf-dist/tex/latex/float/float.sty
Package: float 2001/11/08 v1.3d Float enhancements (AL)
\c@float@type=\count267
\float@exts=\toks28
\float@box=\box53
\@float@everytoks=\toks29
\@floatcapt=\box54
) (d:/Tex/texlive/2023/texmf-dist/tex/latex/pythonhighlight/pythonhighlight.sty
Package: pythonhighlight 2017/02/09 python code highlighting; provided by Olivier Verdier <olivier.verdier@gmail.com>
 (d:/Tex/texlive/2023/texmf-dist/tex/latex/listings/listings.sty
\lst@mode=\count268
\lst@gtempboxa=\box55
\lst@token=\toks30
\lst@length=\count269
\lst@currlwidth=\dimen152
\lst@column=\count270
\lst@pos=\count271
\lst@lostspace=\dimen153
\lst@width=\dimen154
\lst@newlines=\count272
\lst@lineno=\count273
\lst@maxwidth=\dimen155
 (d:/Tex/texlive/2023/texmf-dist/tex/latex/listings/lstmisc.sty
File: lstmisc.sty 2023/02/27 1.9 (Carsten Heinz)
\c@lstnumber=\count274
\lst@skipnumbers=\count275
\lst@framebox=\box56
) (d:/Tex/texlive/2023/texmf-dist/tex/latex/listings/listings.cfg
File: listings.cfg 2023/02/27 1.9 listings configuration
))
Package: listings 2023/02/27 1.9 (Carsten Heinz)
 (d:/Tex/texlive/2023/texmf-dist/tex/latex/xcolor/xcolor.sty
Package: xcolor 2022/06/12 v2.14 LaTeX color extensions (UK)
 (d:/Tex/texlive/2023/texmf-dist/tex/latex/graphics-cfg/color.cfg
File: color.cfg 2016/01/02 v1.6 sample color configuration
)
Package xcolor Info: Driver file: xetex.def on input line 227.
 (d:/Tex/texlive/2023/texmf-dist/tex/latex/graphics/mathcolor.ltx)
Package xcolor Info: Model `cmy' substituted by `cmy0' on input line 1353.
Package xcolor Info: Model `RGB' extended on input line 1369.
Package xcolor Info: Model `HTML' substituted by `rgb' on input line 1371.
Package xcolor Info: Model `Hsb' substituted by `hsb' on input line 1372.
Package xcolor Info: Model `tHsb' substituted by `hsb' on input line 1373.
Package xcolor Info: Model `HSB' substituted by `hsb' on input line 1374.
Package xcolor Info: Model `Gray' substituted by `gray' on input line 1375.
Package xcolor Info: Model `wave' substituted by `hsb' on input line 1376.
)) (d:/Tex/texlive/2023/texmf-dist/tex/latex/l3backend/l3backend-xetex.def
File: l3backend-xetex.def 2023-01-16 L3 backend support: XeTeX
\g__graphics_track_int=\count276
\l__pdf_internal_box=\box57
\g__pdf_backend_object_int=\count277
\g__pdf_backend_annotation_int=\count278
\g__pdf_backend_link_int=\count279
) (./report.aux)
\openout1 = `report.aux'.

LaTeX Font Info:    Checking defaults for OML/cmm/m/it on input line 13.
LaTeX Font Info:    ... okay on input line 13.
LaTeX Font Info:    Checking defaults for OMS/cmsy/m/n on input line 13.
LaTeX Font Info:    ... okay on input line 13.
LaTeX Font Info:    Checking defaults for OT1/cmr/m/n on input line 13.
LaTeX Font Info:    ... okay on input line 13.
LaTeX Font Info:    Checking defaults for T1/cmr/m/n on input line 13.
LaTeX Font Info:    ... okay on input line 13.
LaTeX Font Info:    Checking defaults for TS1/cmr/m/n on input line 13.
LaTeX Font Info:    Trying to load font information for TS1+cmr on input line 13.
 (d:/Tex/texlive/2023/texmf-dist/tex/latex/base/ts1cmr.fd
File: ts1cmr.fd 2022/07/10 v2.5l Standard LaTeX font definitions
)
LaTeX Font Info:    ... okay on input line 13.
LaTeX Font Info:    Checking defaults for TU/lmr/m/n on input line 13.
LaTeX Font Info:    ... okay on input line 13.
LaTeX Font Info:    Checking defaults for OMX/cmex/m/n on input line 13.
LaTeX Font Info:    ... okay on input line 13.
LaTeX Font Info:    Checking defaults for U/cmr/m/n on input line 13.
LaTeX Font Info:    ... okay on input line 13.
\c@lstlisting=\count280
LaTeX Font Info:    Trying to load font information for U+msa on input line 15.
 (d:/Tex/texlive/2023/texmf-dist/tex/latex/amsfonts/umsa.fd
File: umsa.fd 2013/01/14 v3.01 AMS symbols A
)
LaTeX Font Info:    Trying to load font information for U+msb on input line 15.
 (d:/Tex/texlive/2023/texmf-dist/tex/latex/amsfonts/umsb.fd
File: umsb.fd 2013/01/14 v3.01 AMS symbols B
) (./report.toc)
\tf@toc=\write3
\openout3 = `report.toc'.

 [1

]
File: illustration.png Graphic file (type bmp)
<illustration.png>
 [2]
Missing character: There is no α (U+03B1) in font [lmroman12-regular]:mapping=tex-text;!
(d:/Tex/texlive/2023/texmf-dist/tex/latex/listings/lstlang1.sty
File: lstlang1.sty 2023/02/27 1.9 listings language file
) [3]
LaTeX Font Info:    Font shape `TU/lmtt/bx/n' in size <10> not available
(Font)              Font shape `TU/lmtt/b/n' tried instead on input line 98.
 [4]
Missing character: There is no 进 (U+8FDB) in font [lmmono10-regular]:!
Missing character: There is no 度 (U+5EA6) in font [lmmono10-regular]:!
[5]
Overfull \hbox (15.9466pt too wide) in paragraph at lines 193--195
[]\TU/lmr/m/n/12 According to $\OML/cmm/m/it/12 x[] \OT1/cmr/m/n/12 = []\OMS/cmsy/m/n/12 f\OT1/cmr/m/n/12 0\OML/cmm/m/it/12 ; [] \OMS/cmsy/m/n/12 ^^@ \OML/cmm/m/it/12 alpha[]\OMS/cmsy/m/n/12 g$\TU/lmr/m/n/12 , we update $\OML/cmm/m/it/12 x$ \TU/lmr/m/n/12 by \TU/lmr/m/it/12 x = np.maximum(0,
 []


Overfull \hbox (8.19948pt too wide) in paragraph at lines 196--197
[]\TU/lmr/m/n/12 Calculate the gradient of our target function $\OML/cmm/m/it/12 f\OT1/cmr/m/n/12 (\OML/cmm/m/it/12 x\OT1/cmr/m/n/12 ) = \OMS/cmsy/m/n/12 ^^@ [][] [] []$\TU/lmr/m/n/12 ,
 []

Missing character: There is no 进 (U+8FDB) in font [lmmono10-regular]:!
Missing character: There is no 度 (U+5EA6) in font [lmmono10-regular]:!
[6]
Overfull \hbox (15.9466pt too wide) in paragraph at lines 237--239
[]\TU/lmr/m/n/12 According to $\OML/cmm/m/it/12 x[] \OT1/cmr/m/n/12 = []\OMS/cmsy/m/n/12 f\OT1/cmr/m/n/12 0\OML/cmm/m/it/12 ; [] \OMS/cmsy/m/n/12 ^^@ \OML/cmm/m/it/12 alpha[]\OMS/cmsy/m/n/12 g$\TU/lmr/m/n/12 , we update $\OML/cmm/m/it/12 x$ \TU/lmr/m/n/12 by \TU/lmr/m/it/12 x = np.maximum(0,
 []

File: V of B.png Graphic file (type bmp)
<V of B.png>

Overfull \hbox (26.93158pt too wide) in paragraph at lines 278--279
 [][] 
 []

File: M of B.png Graphic file (type bmp)
<M of B.png>

Overfull \hbox (30.10863pt too wide) in paragraph at lines 282--284
[]  [] 
 []


Overfull \hbox (2.608pt too wide) in paragraph at lines 276--286
[]$[]$ $[]$ 
 []

[7]
File: V of G.png Graphic file (type bmp)
<V of G.png>

Overfull \hbox (26.93158pt too wide) in paragraph at lines 291--292
 [][] 
 []

File: M of G.png Graphic file (type bmp)
<M of G.png>

Overfull \hbox (30.10863pt too wide) in paragraph at lines 295--297
[]  [] 
 []


Overfull \hbox (2.608pt too wide) in paragraph at lines 289--299
[]$[]$ $[]$ 
 []

File: V of N.png Graphic file (type bmp)
<V of N.png>

Overfull \hbox (26.93158pt too wide) in paragraph at lines 304--305
 [][] 
 []

File: M of N.png Graphic file (type bmp)
<M of N.png>

Overfull \hbox (30.10863pt too wide) in paragraph at lines 308--310
[]  [] 
 []


Overfull \hbox (2.608pt too wide) in paragraph at lines 302--312
[]$[]$ $[]$ 
 []

[8] [9] [10] [11] [12] [13]
File: T of B1.png Graphic file (type bmp)
<T of B1.png>

Overfull \hbox (26.93158pt too wide) in paragraph at lines 510--511
 [][] 
 []

File: T of B2.png Graphic file (type bmp)
<T of B2.png>

Overfull \hbox (30.10863pt too wide) in paragraph at lines 514--516
[]  [] 
 []


Overfull \hbox (2.608pt too wide) in paragraph at lines 508--518
[]$[]$ $[]$ 
 []

File: T of G1.png Graphic file (type bmp)
<T of G1.png>

Overfull \hbox (26.93158pt too wide) in paragraph at lines 522--523
 [][] 
 []

File: T of G2.png Graphic file (type bmp)
<T of G2.png>

Overfull \hbox (30.10863pt too wide) in paragraph at lines 526--528
[]  [] 
 []


Overfull \hbox (2.608pt too wide) in paragraph at lines 520--530
[]$[]$ $[]$ 
 []

File: T of N1.png Graphic file (type bmp)
<T of N1.png>

Overfull \hbox (26.93158pt too wide) in paragraph at lines 534--535
 [][] 
 []

File: T of N2.png Graphic file (type bmp)
<T of N2.png>

Overfull \hbox (30.10863pt too wide) in paragraph at lines 538--540
[]  [] 
 []


Overfull \hbox (2.608pt too wide) in paragraph at lines 532--542
[]$[]$ $[]$ 
 []

[14]
Underfull \hbox (badness 10000) in paragraph at lines 543--544

 []

[15] [16] (./report.aux) ) 
Here is how much of TeX's memory you used:
 4709 strings out of 476683
 68387 string characters out of 5805811
 2008012 words of memory out of 5000000
 24892 multiletter control sequences out of 15000+600000
 520571 words of font info for 78 fonts, out of 8000000 for 9000
 1348 hyphenation exceptions out of 8191
 55i,10n,62p,431b,1684s stack positions out of 10000i,1000n,20000p,200000b,200000s

Output written on report.pdf (16 pages).
